<?xml version="1.0" encoding="UTF-8"?>
<!-- Generated by org.testng.reporters.JUnitXMLReporter -->
<testsuite ignored="2" hostname="KARAN" failures="0" tests="2" name="Test" time="5.696" errors="0" timestamp="2023-01-19T10:10:06 IST">
  <testcase classname="test.LoginTest" name="login" time="1.872"/>
  <testcase classname="test.HomePageTest" name="LogoutTest" time="3.772"/>
  <testcase classname="test.BaseTest" name="@AfterSuite afterSuite" time="0.0">
    <ignored/>
  </testcase> <!-- @AfterSuite afterSuite -->
  <testcase classname="test.BaseTest" name="@BeforeSuite inItBrowser" time="0.0">
    <ignored/>
  </testcase> <!-- @BeforeSuite inItBrowser -->
</testsuite> <!-- Test -->
