<?xml version="1.0" encoding="UTF-8"?>
<testng-results ignored="2" total="4" passed="2" failed="0" skipped="0">
  <reporter-output>
  </reporter-output>
  <suite started-at="2023-01-19T10:10:01 IST" name="Suite" finished-at="2023-01-19T10:10:06 IST" duration-ms="5696">
    <groups>
    </groups>
    <test started-at="2023-01-19T10:10:01 IST" name="Test" finished-at="2023-01-19T10:10:06 IST" duration-ms="5696">
      <class name="test.HomePageTest">
        <test-method signature="LogoutTest()[pri:0, instance:test.HomePageTest@59309333]" started-at="2023-01-19T10:10:03 IST" name="LogoutTest" finished-at="2023-01-19T10:10:06 IST" duration-ms="3772" status="PASS">
          <reporter-output>
          </reporter-output>
        </test-method> <!-- LogoutTest -->
        <test-method is-config="true" signature="inItObject()[pri:0, instance:test.HomePageTest@59309333]" started-at="2023-01-19T10:10:03 IST" name="inItObject" finished-at="2023-01-19T10:10:03 IST" duration-ms="0" status="PASS">
          <reporter-output>
          </reporter-output>
        </test-method> <!-- inItObject -->
      </class> <!-- test.HomePageTest -->
      <class name="test.LoginTest">
        <test-method is-config="true" signature="inItBrowser()[pri:0, instance:test.LoginTest@7b9a4292]" started-at="2023-01-19T10:09:55 IST" name="inItBrowser" finished-at="2023-01-19T10:10:01 IST" duration-ms="5996" status="PASS">
          <reporter-output>
          </reporter-output>
        </test-method> <!-- inItBrowser -->
        <test-method is-config="true" signature="initObject()[pri:0, instance:test.LoginTest@7b9a4292]" started-at="2023-01-19T10:10:01 IST" name="initObject" finished-at="2023-01-19T10:10:01 IST" duration-ms="15" status="PASS">
          <reporter-output>
          </reporter-output>
        </test-method> <!-- initObject -->
        <test-method signature="login()[pri:0, instance:test.LoginTest@7b9a4292]" started-at="2023-01-19T10:10:01 IST" name="login" finished-at="2023-01-19T10:10:03 IST" duration-ms="1872" status="PASS">
          <reporter-output>
          </reporter-output>
        </test-method> <!-- login -->
        <test-method is-config="true" signature="afterSuite()[pri:0, instance:test.LoginTest@7b9a4292]" started-at="2023-01-19T10:10:06 IST" name="afterSuite" finished-at="2023-01-19T10:10:10 IST" duration-ms="3208" status="PASS">
          <reporter-output>
          </reporter-output>
        </test-method> <!-- afterSuite -->
      </class> <!-- test.LoginTest -->
    </test> <!-- Test -->
  </suite> <!-- Suite -->
</testng-results>
